<?xml version="1.0" encoding="UTF-8"?>
<!-- Generated by org.testng.reporters.JUnitReportReporter -->
<testsuite hostname="Nikitha" failures="0" tests="1" name="restassured.getandpostexamples" time="3.034" errors="0" timestamp="2023-01-20T12:25:29 IST" skipped="0">
  <testcase classname="restassured.getandpostexamples" name="testpost" time="3.034"/>
  <system-out/>
</testsuite> <!-- restassured.getandpostexamples -->
