<?xml version="1.0" encoding="UTF-8"?>
<!-- Generated by org.testng.reporters.JUnitReportReporter -->
<testsuite hostname="Nikitha" failures="0" tests="1" name="restassured.test2" time="2.463" errors="0" timestamp="2023-01-20T11:29:16 IST" skipped="0">
  <testcase classname="restassured.test2" name="test" time="2.463"/>
  <system-out/>
</testsuite> <!-- restassured.test2 -->
